# JRE version: OpenJDK Runtime Environment (8.0_121-b13) (build 1.8.0_121-8u121-b13-0ubuntu1.16.04.2-b13)
# Java VM: OpenJDK 64-Bit Server VM (25.121-b13 mixed mode linux-amd64 compressed oops)
Heap:
 PSYoungGen      total 544256K, used 501654K [0x0000000781d00000, 0x00000007b9300000, 0x00000007c0000000)
  eden space 215552K, 100% used [0x0000000781d00000,0x000000078ef80000,0x000000078ef80000)
  from space 328704K, 87% used [0x00000007a3b00000,0x00000007b5265b80,0x00000007b7c00000)
  to   space 339456K, 0% used [0x000000078ef80000,0x000000078ef80000,0x00000007a3b00000)
 ParOldGen       total 2038784K, used 2038535K [0x0000000705600000, 0x0000000781d00000, 0x0000000781d00000)
  object space 2038784K, 99% used [0x0000000705600000,0x0000000781cc1de0,0x0000000781d00000)
 Metaspace       used 13661K, capacity 14048K, committed 14336K, reserved 1060864K
  class space    used 1811K, capacity 1932K, committed 2048K, reserved 1048576K
GC Heap History (10 events):
Event: 112.244 GC heap after
Heap after GC invocations=26 (full 7):
 PSYoungGen      total 542208K, used 180384K [0x0000000781d00000, 0x00000007b7c00000, 0x00000007c0000000)
  eden space 202752K, 0% used [0x0000000781d00000,0x0000000781d00000,0x000000078e300000)
  from space 339456K, 53% used [0x000000078e300000,0x0000000799328000,0x00000007a2e80000)
  to   space 328704K, 0% used [0x00000007a3b00000,0x00000007a3b00000,0x00000007b7c00000)
 ParOldGen       total 2038784K, used 1797616K [0x0000000705600000, 0x0000000781d00000, 0x0000000781d00000)
  object space 2038784K, 88% used [0x0000000705600000,0x000000077317c220,0x0000000781d00000)
 Metaspace       used 13661K, capacity 14048K, committed 14336K, reserved 1060864K
  class space    used 1811K, capacity 1932K, committed 2048K, reserved 1048576K
}
Event: 113.222 GC heap before
{Heap before GC invocations=27 (full 7):
 PSYoungGen      total 542208K, used 383136K [0x0000000781d00000, 0x00000007b7c00000, 0x00000007c0000000)
  eden space 202752K, 100% used [0x0000000781d00000,0x000000078e300000,0x000000078e300000)
  from space 339456K, 53% used [0x000000078e300000,0x0000000799328000,0x00000007a2e80000)
  to   space 328704K, 0% used [0x00000007a3b00000,0x00000007a3b00000,0x00000007b7c00000)
 ParOldGen       total 2038784K, used 1797616K [0x0000000705600000, 0x0000000781d00000, 0x0000000781d00000)
  object space 2038784K, 88% used [0x0000000705600000,0x000000077317c220,0x0000000781d00000)
 Metaspace       used 13661K, capacity 14048K, committed 14336K, reserved 1060864K
  class space    used 1811K, capacity 1932K, committed 2048K, reserved 1048576K
Event: 113.704 GC heap after
Heap after GC invocations=27 (full 7):
 PSYoungGen      total 544256K, used 328704K [0x0000000781d00000, 0x00000007b9300000, 0x00000007c0000000)
  eden space 215552K, 0% used [0x0000000781d00000,0x0000000781d00000,0x000000078ef80000)
  from space 328704K, 100% used [0x00000007a3b00000,0x00000007b7c00000,0x00000007b7c00000)
  to   space 339456K, 0% used [0x000000078ef80000,0x000000078ef80000,0x00000007a3b00000)
 ParOldGen       total 2038784K, used 1829640K [0x0000000705600000, 0x0000000781d00000, 0x0000000781d00000)
  object space 2038784K, 89% used [0x0000000705600000,0x00000007750c2220,0x0000000781d00000)
 Metaspace       used 13661K, capacity 14048K, committed 14336K, reserved 1060864K
  class space    used 1811K, capacity 1932K, committed 2048K, reserved 1048576K
}
Event: 114.818 GC heap before
{Heap before GC invocations=28 (full 7):
 PSYoungGen      total 544256K, used 544256K [0x0000000781d00000, 0x00000007b9300000, 0x00000007c0000000)
  eden space 215552K, 100% used [0x0000000781d00000,0x000000078ef80000,0x000000078ef80000)
  from space 328704K, 100% used [0x00000007a3b00000,0x00000007b7c00000,0x00000007b7c00000)
  to   space 339456K, 0% used [0x000000078ef80000,0x000000078ef80000,0x00000007a3b00000)
 ParOldGen       total 2038784K, used 1829640K [0x0000000705600000, 0x0000000781d00000, 0x0000000781d00000)
  object space 2038784K, 89% used [0x0000000705600000,0x00000007750c2220,0x0000000781d00000)
 Metaspace       used 13661K, capacity 14048K, committed 14336K, reserved 1060864K
  class space    used 1811K, capacity 1932K, committed 2048K, reserved 1048576K
Event: 115.557 GC heap after
Heap after GC invocations=28 (full 7):
 PSYoungGen      total 544256K, used 544256K [0x0000000781d00000, 0x00000007b9300000, 0x00000007c0000000)
  eden space 215552K, 100% used [0x0000000781d00000,0x000000078ef80000,0x000000078ef80000)
  from space 328704K, 100% used [0x00000007a3b00000,0x00000007b7c00000,0x00000007b7c00000)
  to   space 339456K, 56% used [0x000000078ef80000,0x000000079aac0000,0x00000007a3b00000)
 ParOldGen       total 2038784K, used 2038776K [0x0000000705600000, 0x0000000781d00000, 0x0000000781d00000)
  object space 2038784K, 99% used [0x0000000705600000,0x0000000781cfe220,0x0000000781d00000)
 Metaspace       used 13661K, capacity 14048K, committed 14336K, reserved 1060864K
  class space    used 1811K, capacity 1932K, committed 2048K, reserved 1048576K
}
Event: 115.557 GC heap before
{Heap before GC invocations=29 (full 8):
 PSYoungGen      total 544256K, used 544256K [0x0000000781d00000, 0x00000007b9300000, 0x00000007c0000000)
  eden space 215552K, 100% used [0x0000000781d00000,0x000000078ef80000,0x000000078ef80000)
  from space 328704K, 100% used [0x00000007a3b00000,0x00000007b7c00000,0x00000007b7c00000)
  to   space 339456K, 56% used [0x000000078ef80000,0x000000079aac0000,0x00000007a3b00000)
 ParOldGen       total 2038784K, used 2038776K [0x0000000705600000, 0x0000000781d00000, 0x0000000781d00000)
  object space 2038784K, 99% used [0x0000000705600000,0x0000000781cfe220,0x0000000781d00000)
 Metaspace       used 13661K, capacity 14048K, committed 14336K, reserved 1060864K
  class space    used 1811K, capacity 1932K, committed 2048K, reserved 1048576K
Event: 123.440 GC heap after
Heap after GC invocations=29 (full 8):
 PSYoungGen      total 544256K, used 310167K [0x0000000781d00000, 0x00000007b9300000, 0x00000007c0000000)
  eden space 215552K, 0% used [0x0000000781d00000,0x0000000781d00000,0x000000078ef80000)
  from space 328704K, 94% used [0x00000007a3b00000,0x00000007b69e5c28,0x00000007b7c00000)
  to   space 339456K, 0% used [0x000000078ef80000,0x000000078ef80000,0x00000007a3b00000)
 ParOldGen       total 2038784K, used 2038535K [0x0000000705600000, 0x0000000781d00000, 0x0000000781d00000)
  object space 2038784K, 99% used [0x0000000705600000,0x0000000781cc1de0,0x0000000781d00000)
 Metaspace       used 13661K, capacity 14048K, committed 14336K, reserved 1060864K
  class space    used 1811K, capacity 1932K, committed 2048K, reserved 1048576K
}
Event: 124.400 GC heap before
{Heap before GC invocations=30 (full 9):
 PSYoungGen      total 544256K, used 525719K [0x0000000781d00000, 0x00000007b9300000, 0x00000007c0000000)
  eden space 215552K, 100% used [0x0000000781d00000,0x000000078ef80000,0x000000078ef80000)
  from space 328704K, 94% used [0x00000007a3b00000,0x00000007b69e5c28,0x00000007b7c00000)
  to   space 339456K, 0% used [0x000000078ef80000,0x000000078ef80000,0x00000007a3b00000)
 ParOldGen       total 2038784K, used 2038535K [0x0000000705600000, 0x0000000781d00000, 0x0000000781d00000)
  object space 2038784K, 99% used [0x0000000705600000,0x0000000781cc1de0,0x0000000781d00000)
 Metaspace       used 13661K, capacity 14048K, committed 14336K, reserved 1060864K
  class space    used 1811K, capacity 1932K, committed 2048K, reserved 1048576K
Event: 129.443 GC heap after
Heap after GC invocations=30 (full 9):
 PSYoungGen      total 544256K, used 501484K [0x0000000781d00000, 0x00000007b9300000, 0x00000007c0000000)
  eden space 215552K, 99% used [0x0000000781d00000,0x000000078ef555a8,0x000000078ef80000)
  from space 328704K, 87% used [0x00000007a3b00000,0x00000007b5265b80,0x00000007b7c00000)
  to   space 339456K, 0% used [0x000000078ef80000,0x000000078ef80000,0x00000007a3b00000)
 ParOldGen       total 2038784K, used 2038535K [0x0000000705600000, 0x0000000781d00000, 0x0000000781d00000)
  object space 2038784K, 99% used [0x0000000705600000,0x0000000781cc1de0,0x0000000781d00000)
 Metaspace       used 13661K, capacity 14048K, committed 14336K, reserved 1060864K
  class space    used 1811K, capacity 1932K, committed 2048K, reserved 1048576K
}
Event: 129.452 GC heap before
{Heap before GC invocations=31 (full 10):
 PSYoungGen      total 544256K, used 501654K [0x0000000781d00000, 0x00000007b9300000, 0x00000007c0000000)
  eden space 215552K, 100% used [0x0000000781d00000,0x000000078ef80000,0x000000078ef80000)
  from space 328704K, 87% used [0x00000007a3b00000,0x00000007b5265b80,0x00000007b7c00000)
  to   space 339456K, 0% used [0x000000078ef80000,0x000000078ef80000,0x00000007a3b00000)
 ParOldGen       total 2038784K, used 2038535K [0x0000000705600000, 0x0000000781d00000, 0x0000000781d00000)
  object space 2038784K, 99% used [0x0000000705600000,0x0000000781cc1de0,0x0000000781d00000)
 Metaspace       used 13661K, capacity 14048K, committed 14336K, reserved 1060864K
  class space    used 1811K, capacity 1932K, committed 2048K, reserved 1048576K

