# JRE version: OpenJDK Runtime Environment (8.0_121-b13) (build 1.8.0_121-8u121-b13-0ubuntu1.16.04.2-b13)
# Java VM: OpenJDK 64-Bit Server VM (25.121-b13 mixed mode linux-amd64 compressed oops)
Heap:
 PSYoungGen      total 389120K, used 264704K [0x0000000781d00000, 0x00000007b7100000, 0x00000007c0000000)
  eden space 124416K, 0% used [0x0000000781d00000,0x0000000781d00000,0x0000000789680000)
  from space 264704K, 100% used [0x000000079de80000,0x00000007ae100000,0x00000007ae100000)
  to   space 335872K, 0% used [0x0000000789680000,0x0000000789680000,0x000000079de80000)
 ParOldGen       total 612352K, used 539074K [0x0000000705600000, 0x000000072ac00000, 0x0000000781d00000)
  object space 612352K, 88% used [0x0000000705600000,0x00000007264709a8,0x000000072ac00000)
 Metaspace       used 13595K, capacity 13984K, committed 14336K, reserved 1060864K
  class space    used 1810K, capacity 1932K, committed 2048K, reserved 1048576K
GC Heap History (10 events):
Event: 65.453 GC heap after
Heap after GC invocations=9 (full 2):
 PSYoungGen      total 257536K, used 114176K [0x0000000781d00000, 0x00000007a2680000, 0x00000007c0000000)
  eden space 143360K, 0% used [0x0000000781d00000,0x0000000781d00000,0x000000078a900000)
  from space 114176K, 100% used [0x000000078a900000,0x0000000791880000,0x0000000791880000)
  to   space 179200K, 0% used [0x0000000797780000,0x0000000797780000,0x00000007a2680000)
 ParOldGen       total 381440K, used 283430K [0x0000000705600000, 0x000000071ca80000, 0x0000000781d00000)
  object space 381440K, 74% used [0x0000000705600000,0x0000000716ac9978,0x000000071ca80000)
 Metaspace       used 13591K, capacity 13952K, committed 14208K, reserved 1060864K
  class space    used 1807K, capacity 1900K, committed 1920K, reserved 1048576K
}
Event: 65.453 GC heap before
{Heap before GC invocations=10 (full 3):
 PSYoungGen      total 257536K, used 114176K [0x0000000781d00000, 0x00000007a2680000, 0x00000007c0000000)
  eden space 143360K, 0% used [0x0000000781d00000,0x0000000781d00000,0x000000078a900000)
  from space 114176K, 100% used [0x000000078a900000,0x0000000791880000,0x0000000791880000)
  to   space 179200K, 0% used [0x0000000797780000,0x0000000797780000,0x00000007a2680000)
 ParOldGen       total 381440K, used 283430K [0x0000000705600000, 0x000000071ca80000, 0x0000000781d00000)
  object space 381440K, 74% used [0x0000000705600000,0x0000000716ac9978,0x000000071ca80000)
 Metaspace       used 13591K, capacity 13952K, committed 14208K, reserved 1060864K
  class space    used 1807K, capacity 1900K, committed 1920K, reserved 1048576K
Event: 66.656 GC heap after
Heap after GC invocations=10 (full 3):
 PSYoungGen      total 257536K, used 15838K [0x0000000781d00000, 0x00000007a2680000, 0x00000007c0000000)
  eden space 143360K, 0% used [0x0000000781d00000,0x0000000781d00000,0x000000078a900000)
  from space 114176K, 13% used [0x000000078a900000,0x000000078b877bc0,0x0000000791880000)
  to   space 179200K, 0% used [0x0000000797780000,0x0000000797780000,0x00000007a2680000)
 ParOldGen       total 612352K, used 381114K [0x0000000705600000, 0x000000072ac00000, 0x0000000781d00000)
  object space 612352K, 62% used [0x0000000705600000,0x000000071ca2e9a8,0x000000072ac00000)
 Metaspace       used 13591K, capacity 13952K, committed 14208K, reserved 1060864K
  class space    used 1807K, capacity 1900K, committed 1920K, reserved 1048576K
}
Event: 66.967 GC heap before
{Heap before GC invocations=11 (full 3):
 PSYoungGen      total 257536K, used 159198K [0x0000000781d00000, 0x00000007a2680000, 0x00000007c0000000)
  eden space 143360K, 100% used [0x0000000781d00000,0x000000078a900000,0x000000078a900000)
  from space 114176K, 13% used [0x000000078a900000,0x000000078b877bc0,0x0000000791880000)
  to   space 179200K, 0% used [0x0000000797780000,0x0000000797780000,0x00000007a2680000)
 ParOldGen       total 612352K, used 381114K [0x0000000705600000, 0x000000072ac00000, 0x0000000781d00000)
  object space 612352K, 62% used [0x0000000705600000,0x000000071ca2e9a8,0x000000072ac00000)
 Metaspace       used 13595K, capacity 13984K, committed 14336K, reserved 1060864K
  class space    used 1810K, capacity 1932K, committed 2048K, reserved 1048576K
Event: 67.202 GC heap after
Heap after GC invocations=11 (full 3):
 PSYoungGen      total 337408K, used 140896K [0x0000000781d00000, 0x00000007a5680000, 0x00000007c0000000)
  eden space 158208K, 0% used [0x0000000781d00000,0x0000000781d00000,0x000000078b780000)
  from space 179200K, 78% used [0x0000000797780000,0x00000007a0118000,0x00000007a2680000)
  to   space 196608K, 0% used [0x000000078b780000,0x000000078b780000,0x0000000797780000)
 ParOldGen       total 612352K, used 381114K [0x0000000705600000, 0x000000072ac00000, 0x0000000781d00000)
  object space 612352K, 62% used [0x0000000705600000,0x000000071ca2e9a8,0x000000072ac00000)
 Metaspace       used 13595K, capacity 13984K, committed 14336K, reserved 1060864K
  class space    used 1810K, capacity 1932K, committed 2048K, reserved 1048576K
}
Event: 67.550 GC heap before
{Heap before GC invocations=12 (full 3):
 PSYoungGen      total 337408K, used 299104K [0x0000000781d00000, 0x00000007a5680000, 0x00000007c0000000)
  eden space 158208K, 100% used [0x0000000781d00000,0x000000078b780000,0x000000078b780000)
  from space 179200K, 78% used [0x0000000797780000,0x00000007a0118000,0x00000007a2680000)
  to   space 196608K, 0% used [0x000000078b780000,0x000000078b780000,0x0000000797780000)
 ParOldGen       total 612352K, used 381114K [0x0000000705600000, 0x000000072ac00000, 0x0000000781d00000)
  object space 612352K, 62% used [0x0000000705600000,0x000000071ca2e9a8,0x000000072ac00000)
 Metaspace       used 13595K, capacity 13984K, committed 14336K, reserved 1060864K
  class space    used 1810K, capacity 1932K, committed 2048K, reserved 1048576K
Event: 67.857 GC heap after
Heap after GC invocations=12 (full 3):
 PSYoungGen      total 354816K, used 196608K [0x0000000781d00000, 0x00000007ae100000, 0x00000007c0000000)
  eden space 158208K, 0% used [0x0000000781d00000,0x0000000781d00000,0x000000078b780000)
  from space 196608K, 100% used [0x000000078b780000,0x0000000797780000,0x0000000797780000)
  to   space 264704K, 0% used [0x000000079de80000,0x000000079de80000,0x00000007ae100000)
 ParOldGen       total 612352K, used 466242K [0x0000000705600000, 0x000000072ac00000, 0x0000000781d00000)
  object space 612352K, 76% used [0x0000000705600000,0x0000000721d509a8,0x000000072ac00000)
 Metaspace       used 13595K, capacity 13984K, committed 14336K, reserved 1060864K
  class space    used 1810K, capacity 1932K, committed 2048K, reserved 1048576K
}
Event: 68.203 GC heap before
{Heap before GC invocations=13 (full 3):
 PSYoungGen      total 354816K, used 354816K [0x0000000781d00000, 0x00000007ae100000, 0x00000007c0000000)
  eden space 158208K, 100% used [0x0000000781d00000,0x000000078b780000,0x000000078b780000)
  from space 196608K, 100% used [0x000000078b780000,0x0000000797780000,0x0000000797780000)
  to   space 264704K, 0% used [0x000000079de80000,0x000000079de80000,0x00000007ae100000)
 ParOldGen       total 612352K, used 466242K [0x0000000705600000, 0x000000072ac00000, 0x0000000781d00000)
  object space 612352K, 76% used [0x0000000705600000,0x0000000721d509a8,0x000000072ac00000)
 Metaspace       used 13595K, capacity 13984K, committed 14336K, reserved 1060864K
  class space    used 1810K, capacity 1932K, committed 2048K, reserved 1048576K
Event: 68.609 GC heap after
Heap after GC invocations=13 (full 3):
 PSYoungGen      total 389120K, used 264704K [0x0000000781d00000, 0x00000007b7100000, 0x00000007c0000000)
  eden space 124416K, 0% used [0x0000000781d00000,0x0000000781d00000,0x0000000789680000)
  from space 264704K, 100% used [0x000000079de80000,0x00000007ae100000,0x00000007ae100000)
  to   space 335872K, 0% used [0x0000000789680000,0x0000000789680000,0x000000079de80000)
 ParOldGen       total 612352K, used 539074K [0x0000000705600000, 0x000000072ac00000, 0x0000000781d00000)
  object space 612352K, 88% used [0x0000000705600000,0x00000007264709a8,0x000000072ac00000)
 Metaspace       used 13595K, capacity 13984K, committed 14336K, reserved 1060864K
  class space    used 1810K, capacity 1932K, committed 2048K, reserved 1048576K
}
Event: 68.609 GC heap before
{Heap before GC invocations=14 (full 4):
 PSYoungGen      total 389120K, used 264704K [0x0000000781d00000, 0x00000007b7100000, 0x00000007c0000000)
  eden space 124416K, 0% used [0x0000000781d00000,0x0000000781d00000,0x0000000789680000)
  from space 264704K, 100% used [0x000000079de80000,0x00000007ae100000,0x00000007ae100000)
  to   space 335872K, 0% used [0x0000000789680000,0x0000000789680000,0x000000079de80000)
 ParOldGen       total 612352K, used 539074K [0x0000000705600000, 0x000000072ac00000, 0x0000000781d00000)
  object space 612352K, 88% used [0x0000000705600000,0x00000007264709a8,0x000000072ac00000)
 Metaspace       used 13595K, capacity 13984K, committed 14336K, reserved 1060864K
  class space    used 1810K, capacity 1932K, committed 2048K, reserved 1048576K

