# JRE version: OpenJDK Runtime Environment (8.0_121-b13) (build 1.8.0_121-8u121-b13-0ubuntu1.16.04.2-b13)
# Java VM: OpenJDK 64-Bit Server VM (25.121-b13 mixed mode linux-amd64 compressed oops)
Heap:
 PSYoungGen      total 553984K, used 232187K [0x0000000781d00000, 0x00000007b9f00000, 0x00000007c0000000)
  eden space 214528K, 100% used [0x0000000781d00000,0x000000078ee80000,0x000000078ee80000)
  from space 339456K, 5% used [0x000000078ee80000,0x000000078ffbedb0,0x00000007a3a00000)
  to   space 339456K, 0% used [0x00000007a5380000,0x00000007a5380000,0x00000007b9f00000)
 ParOldGen       total 2038784K, used 2038577K [0x0000000705600000, 0x0000000781d00000, 0x0000000781d00000)
  object space 2038784K, 99% used [0x0000000705600000,0x0000000781ccc478,0x0000000781d00000)
 Metaspace       used 12359K, capacity 12720K, committed 13184K, reserved 1060864K
  class space    used 1666K, capacity 1782K, committed 1920K, reserved 1048576K
GC Heap History (10 events):
Event: 388.142 GC heap after
Heap after GC invocations=104 (full 85):
 PSYoungGen      total 553984K, used 232187K [0x0000000781d00000, 0x00000007b9f00000, 0x00000007c0000000)
  eden space 214528K, 100% used [0x0000000781d00000,0x000000078ee80000,0x000000078ee80000)
  from space 339456K, 5% used [0x000000078ee80000,0x000000078ffbedb0,0x00000007a3a00000)
  to   space 339456K, 0% used [0x00000007a5380000,0x00000007a5380000,0x00000007b9f00000)
 ParOldGen       total 2038784K, used 2038562K [0x0000000705600000, 0x0000000781d00000, 0x0000000781d00000)
  object space 2038784K, 99% used [0x0000000705600000,0x0000000781cc8888,0x0000000781d00000)
 Metaspace       used 12359K, capacity 12720K, committed 13184K, reserved 1060864K
  class space    used 1666K, capacity 1782K, committed 1920K, reserved 1048576K
}
Event: 388.153 GC heap before
{Heap before GC invocations=105 (full 86):
 PSYoungGen      total 553984K, used 232187K [0x0000000781d00000, 0x00000007b9f00000, 0x00000007c0000000)
  eden space 214528K, 100% used [0x0000000781d00000,0x000000078ee80000,0x000000078ee80000)
  from space 339456K, 5% used [0x000000078ee80000,0x000000078ffbedb0,0x00000007a3a00000)
  to   space 339456K, 0% used [0x00000007a5380000,0x00000007a5380000,0x00000007b9f00000)
 ParOldGen       total 2038784K, used 2038565K [0x0000000705600000, 0x0000000781d00000, 0x0000000781d00000)
  object space 2038784K, 99% used [0x0000000705600000,0x0000000781cc9728,0x0000000781d00000)
 Metaspace       used 12359K, capacity 12720K, committed 13184K, reserved 1060864K
  class space    used 1666K, capacity 1782K, committed 1920K, reserved 1048576K
Event: 392.279 GC heap after
Heap after GC invocations=105 (full 86):
 PSYoungGen      total 553984K, used 232187K [0x0000000781d00000, 0x00000007b9f00000, 0x00000007c0000000)
  eden space 214528K, 100% used [0x0000000781d00000,0x000000078ee80000,0x000000078ee80000)
  from space 339456K, 5% used [0x000000078ee80000,0x000000078ffbedb0,0x00000007a3a00000)
  to   space 339456K, 0% used [0x00000007a5380000,0x00000007a5380000,0x00000007b9f00000)
 ParOldGen       total 2038784K, used 2038565K [0x0000000705600000, 0x0000000781d00000, 0x0000000781d00000)
  object space 2038784K, 99% used [0x0000000705600000,0x0000000781cc95f8,0x0000000781d00000)
 Metaspace       used 12359K, capacity 12720K, committed 13184K, reserved 1060864K
  class space    used 1666K, capacity 1782K, committed 1920K, reserved 1048576K
}
Event: 392.289 GC heap before
{Heap before GC invocations=106 (full 87):
 PSYoungGen      total 553984K, used 232187K [0x0000000781d00000, 0x00000007b9f00000, 0x00000007c0000000)
  eden space 214528K, 100% used [0x0000000781d00000,0x000000078ee80000,0x000000078ee80000)
  from space 339456K, 5% used [0x000000078ee80000,0x000000078ffbedb0,0x00000007a3a00000)
  to   space 339456K, 0% used [0x00000007a5380000,0x00000007a5380000,0x00000007b9f00000)
 ParOldGen       total 2038784K, used 2038568K [0x0000000705600000, 0x0000000781d00000, 0x0000000781d00000)
  object space 2038784K, 99% used [0x0000000705600000,0x0000000781cca198,0x0000000781d00000)
 Metaspace       used 12359K, capacity 12720K, committed 13184K, reserved 1060864K
  class space    used 1666K, capacity 1782K, committed 1920K, reserved 1048576K
Event: 396.421 GC heap after
Heap after GC invocations=106 (full 87):
 PSYoungGen      total 553984K, used 232187K [0x0000000781d00000, 0x00000007b9f00000, 0x00000007c0000000)
  eden space 214528K, 100% used [0x0000000781d00000,0x000000078ee80000,0x000000078ee80000)
  from space 339456K, 5% used [0x000000078ee80000,0x000000078ffbedb0,0x00000007a3a00000)
  to   space 339456K, 0% used [0x00000007a5380000,0x00000007a5380000,0x00000007b9f00000)
 ParOldGen       total 2038784K, used 2038567K [0x0000000705600000, 0x0000000781d00000, 0x0000000781d00000)
  object space 2038784K, 99% used [0x0000000705600000,0x0000000781cc9fd0,0x0000000781d00000)
 Metaspace       used 12359K, capacity 12720K, committed 13184K, reserved 1060864K
  class space    used 1666K, capacity 1782K, committed 1920K, reserved 1048576K
}
Event: 396.421 GC heap before
{Heap before GC invocations=107 (full 88):
 PSYoungGen      total 553984K, used 232187K [0x0000000781d00000, 0x00000007b9f00000, 0x00000007c0000000)
  eden space 214528K, 100% used [0x0000000781d00000,0x000000078ee80000,0x000000078ee80000)
  from space 339456K, 5% used [0x000000078ee80000,0x000000078ffbedb0,0x00000007a3a00000)
  to   space 339456K, 0% used [0x00000007a5380000,0x00000007a5380000,0x00000007b9f00000)
 ParOldGen       total 2038784K, used 2038571K [0x0000000705600000, 0x0000000781d00000, 0x0000000781d00000)
  object space 2038784K, 99% used [0x0000000705600000,0x0000000781ccae28,0x0000000781d00000)
 Metaspace       used 12359K, capacity 12720K, committed 13184K, reserved 1060864K
  class space    used 1666K, capacity 1782K, committed 1920K, reserved 1048576K
Event: 400.785 GC heap after
Heap after GC invocations=107 (full 88):
 PSYoungGen      total 553984K, used 232187K [0x0000000781d00000, 0x00000007b9f00000, 0x00000007c0000000)
  eden space 214528K, 100% used [0x0000000781d00000,0x000000078ee80000,0x000000078ee80000)
  from space 339456K, 5% used [0x000000078ee80000,0x000000078ffbedb0,0x00000007a3a00000)
  to   space 339456K, 0% used [0x00000007a5380000,0x00000007a5380000,0x00000007b9f00000)
 ParOldGen       total 2038784K, used 2038571K [0x0000000705600000, 0x0000000781d00000, 0x0000000781d00000)
  object space 2038784K, 99% used [0x0000000705600000,0x0000000781ccacf8,0x0000000781d00000)
 Metaspace       used 12359K, capacity 12720K, committed 13184K, reserved 1060864K
  class space    used 1666K, capacity 1782K, committed 1920K, reserved 1048576K
}
Event: 400.785 GC heap before
{Heap before GC invocations=108 (full 89):
 PSYoungGen      total 553984K, used 232187K [0x0000000781d00000, 0x00000007b9f00000, 0x00000007c0000000)
  eden space 214528K, 100% used [0x0000000781d00000,0x000000078ee80000,0x000000078ee80000)
  from space 339456K, 5% used [0x000000078ee80000,0x000000078ffbedb0,0x00000007a3a00000)
  to   space 339456K, 0% used [0x00000007a5380000,0x00000007a5380000,0x00000007b9f00000)
 ParOldGen       total 2038784K, used 2038574K [0x0000000705600000, 0x0000000781d00000, 0x0000000781d00000)
  object space 2038784K, 99% used [0x0000000705600000,0x0000000781ccb8c8,0x0000000781d00000)
 Metaspace       used 12359K, capacity 12720K, committed 13184K, reserved 1060864K
  class space    used 1666K, capacity 1782K, committed 1920K, reserved 1048576K
Event: 405.936 GC heap after
Heap after GC invocations=108 (full 89):
 PSYoungGen      total 553984K, used 232187K [0x0000000781d00000, 0x00000007b9f00000, 0x00000007c0000000)
  eden space 214528K, 100% used [0x0000000781d00000,0x000000078ee80000,0x000000078ee80000)
  from space 339456K, 5% used [0x000000078ee80000,0x000000078ffbedb0,0x00000007a3a00000)
  to   space 339456K, 0% used [0x00000007a5380000,0x00000007a5380000,0x00000007b9f00000)
 ParOldGen       total 2038784K, used 2038573K [0x0000000705600000, 0x0000000781d00000, 0x0000000781d00000)
  object space 2038784K, 99% used [0x0000000705600000,0x0000000781ccb700,0x0000000781d00000)
 Metaspace       used 12359K, capacity 12720K, committed 13184K, reserved 1060864K
  class space    used 1666K, capacity 1782K, committed 1920K, reserved 1048576K
}
Event: 405.936 GC heap before
{Heap before GC invocations=109 (full 90):
 PSYoungGen      total 553984K, used 232187K [0x0000000781d00000, 0x00000007b9f00000, 0x00000007c0000000)
  eden space 214528K, 100% used [0x0000000781d00000,0x000000078ee80000,0x000000078ee80000)
  from space 339456K, 5% used [0x000000078ee80000,0x000000078ffbedb0,0x00000007a3a00000)
  to   space 339456K, 0% used [0x00000007a5380000,0x00000007a5380000,0x00000007b9f00000)
 ParOldGen       total 2038784K, used 2038577K [0x0000000705600000, 0x0000000781d00000, 0x0000000781d00000)
  object space 2038784K, 99% used [0x0000000705600000,0x0000000781ccc478,0x0000000781d00000)
 Metaspace       used 12359K, capacity 12720K, committed 13184K, reserved 1060864K
  class space    used 1666K, capacity 1782K, committed 1920K, reserved 1048576K

