# JRE version: OpenJDK Runtime Environment (8.0_121-b13) (build 1.8.0_121-8u121-b13-0ubuntu1.16.04.2-b13)
# Java VM: OpenJDK 64-Bit Server VM (25.121-b13 mixed mode linux-amd64 compressed oops)
Heap:
 PSYoungGen      total 569856K, used 230400K [0x0000000781d00000, 0x00000007b9680000, 0x00000007c0000000)
  eden space 230400K, 100% used [0x0000000781d00000,0x000000078fe00000,0x000000078fe00000)
  from space 339456K, 0% used [0x00000007a4980000,0x00000007a4980000,0x00000007b9500000)
  to   space 339456K, 0% used [0x000000078fe00000,0x000000078fe00000,0x00000007a4980000)
 ParOldGen       total 2038784K, used 2038569K [0x0000000705600000, 0x0000000781d00000, 0x0000000781d00000)
  object space 2038784K, 99% used [0x0000000705600000,0x0000000781cca650,0x0000000781d00000)
 Metaspace       used 12331K, capacity 12692K, committed 12928K, reserved 1060864K
  class space    used 1670K, capacity 1802K, committed 1920K, reserved 1048576K
GC Heap History (10 events):
Event: 131.952 GC heap after
Heap after GC invocations=39 (full 21):
 PSYoungGen      total 569856K, used 230400K [0x0000000781d00000, 0x00000007b9680000, 0x00000007c0000000)
  eden space 230400K, 100% used [0x0000000781d00000,0x000000078fe00000,0x000000078fe00000)
  from space 339456K, 0% used [0x00000007a4980000,0x00000007a4980000,0x00000007b9500000)
  to   space 339456K, 0% used [0x000000078fe00000,0x000000078fe00000,0x00000007a4980000)
 ParOldGen       total 2038784K, used 2038555K [0x0000000705600000, 0x0000000781d00000, 0x0000000781d00000)
  object space 2038784K, 99% used [0x0000000705600000,0x0000000781cc6f60,0x0000000781d00000)
 Metaspace       used 12331K, capacity 12692K, committed 12928K, reserved 1060864K
  class space    used 1670K, capacity 1802K, committed 1920K, reserved 1048576K
}
Event: 131.952 GC heap before
{Heap before GC invocations=40 (full 22):
 PSYoungGen      total 569856K, used 230400K [0x0000000781d00000, 0x00000007b9680000, 0x00000007c0000000)
  eden space 230400K, 100% used [0x0000000781d00000,0x000000078fe00000,0x000000078fe00000)
  from space 339456K, 0% used [0x00000007a4980000,0x00000007a4980000,0x00000007b9500000)
  to   space 339456K, 0% used [0x000000078fe00000,0x000000078fe00000,0x00000007a4980000)
 ParOldGen       total 2038784K, used 2038558K [0x0000000705600000, 0x0000000781d00000, 0x0000000781d00000)
  object space 2038784K, 99% used [0x0000000705600000,0x0000000781cc7ae0,0x0000000781d00000)
 Metaspace       used 12331K, capacity 12692K, committed 12928K, reserved 1060864K
  class space    used 1670K, capacity 1802K, committed 1920K, reserved 1048576K
Event: 134.587 GC heap after
Heap after GC invocations=40 (full 22):
 PSYoungGen      total 569856K, used 230400K [0x0000000781d00000, 0x00000007b9680000, 0x00000007c0000000)
  eden space 230400K, 100% used [0x0000000781d00000,0x000000078fe00000,0x000000078fe00000)
  from space 339456K, 0% used [0x00000007a4980000,0x00000007a4980000,0x00000007b9500000)
  to   space 339456K, 0% used [0x000000078fe00000,0x000000078fe00000,0x00000007a4980000)
 ParOldGen       total 2038784K, used 2038558K [0x0000000705600000, 0x0000000781d00000, 0x0000000781d00000)
  object space 2038784K, 99% used [0x0000000705600000,0x0000000781cc78c0,0x0000000781d00000)
 Metaspace       used 12331K, capacity 12692K, committed 12928K, reserved 1060864K
  class space    used 1670K, capacity 1802K, committed 1920K, reserved 1048576K
}
Event: 134.587 GC heap before
{Heap before GC invocations=41 (full 23):
 PSYoungGen      total 569856K, used 230400K [0x0000000781d00000, 0x00000007b9680000, 0x00000007c0000000)
  eden space 230400K, 100% used [0x0000000781d00000,0x000000078fe00000,0x000000078fe00000)
  from space 339456K, 0% used [0x00000007a4980000,0x00000007a4980000,0x00000007b9500000)
  to   space 339456K, 0% used [0x000000078fe00000,0x000000078fe00000,0x00000007a4980000)
 ParOldGen       total 2038784K, used 2038561K [0x0000000705600000, 0x0000000781d00000, 0x0000000781d00000)
  object space 2038784K, 99% used [0x0000000705600000,0x0000000781cc84b0,0x0000000781d00000)
 Metaspace       used 12331K, capacity 12692K, committed 12928K, reserved 1060864K
  class space    used 1670K, capacity 1802K, committed 1920K, reserved 1048576K
Event: 136.859 GC heap after
Heap after GC invocations=41 (full 23):
 PSYoungGen      total 569856K, used 230400K [0x0000000781d00000, 0x00000007b9680000, 0x00000007c0000000)
  eden space 230400K, 100% used [0x0000000781d00000,0x000000078fe00000,0x000000078fe00000)
  from space 339456K, 0% used [0x00000007a4980000,0x00000007a4980000,0x00000007b9500000)
  to   space 339456K, 0% used [0x000000078fe00000,0x000000078fe00000,0x00000007a4980000)
 ParOldGen       total 2038784K, used 2038560K [0x0000000705600000, 0x0000000781d00000, 0x0000000781d00000)
  object space 2038784K, 99% used [0x0000000705600000,0x0000000781cc8330,0x0000000781d00000)
 Metaspace       used 12331K, capacity 12692K, committed 12928K, reserved 1060864K
  class space    used 1670K, capacity 1802K, committed 1920K, reserved 1048576K
}
Event: 136.859 GC heap before
{Heap before GC invocations=42 (full 24):
 PSYoungGen      total 569856K, used 230400K [0x0000000781d00000, 0x00000007b9680000, 0x00000007c0000000)
  eden space 230400K, 100% used [0x0000000781d00000,0x000000078fe00000,0x000000078fe00000)
  from space 339456K, 0% used [0x00000007a4980000,0x00000007a4980000,0x00000007b9500000)
  to   space 339456K, 0% used [0x000000078fe00000,0x000000078fe00000,0x00000007a4980000)
 ParOldGen       total 2038784K, used 2038564K [0x0000000705600000, 0x0000000781d00000, 0x0000000781d00000)
  object space 2038784K, 99% used [0x0000000705600000,0x0000000781cc9168,0x0000000781d00000)
 Metaspace       used 12331K, capacity 12692K, committed 12928K, reserved 1060864K
  class space    used 1670K, capacity 1802K, committed 1920K, reserved 1048576K
Event: 139.295 GC heap after
Heap after GC invocations=42 (full 24):
 PSYoungGen      total 569856K, used 230400K [0x0000000781d00000, 0x00000007b9680000, 0x00000007c0000000)
  eden space 230400K, 100% used [0x0000000781d00000,0x000000078fe00000,0x000000078fe00000)
  from space 339456K, 0% used [0x00000007a4980000,0x00000007a4980000,0x00000007b9500000)
  to   space 339456K, 0% used [0x000000078fe00000,0x000000078fe00000,0x00000007a4980000)
 ParOldGen       total 2038784K, used 2038563K [0x0000000705600000, 0x0000000781d00000, 0x0000000781d00000)
  object space 2038784K, 99% used [0x0000000705600000,0x0000000781cc8fe8,0x0000000781d00000)
 Metaspace       used 12331K, capacity 12692K, committed 12928K, reserved 1060864K
  class space    used 1670K, capacity 1802K, committed 1920K, reserved 1048576K
}
Event: 139.295 GC heap before
{Heap before GC invocations=43 (full 25):
 PSYoungGen      total 569856K, used 230400K [0x0000000781d00000, 0x00000007b9680000, 0x00000007c0000000)
  eden space 230400K, 100% used [0x0000000781d00000,0x000000078fe00000,0x000000078fe00000)
  from space 339456K, 0% used [0x00000007a4980000,0x00000007a4980000,0x00000007b9500000)
  to   space 339456K, 0% used [0x000000078fe00000,0x000000078fe00000,0x00000007a4980000)
 ParOldGen       total 2038784K, used 2038566K [0x0000000705600000, 0x0000000781d00000, 0x0000000781d00000)
  object space 2038784K, 99% used [0x0000000705600000,0x0000000781cc9b78,0x0000000781d00000)
 Metaspace       used 12331K, capacity 12692K, committed 12928K, reserved 1060864K
  class space    used 1670K, capacity 1802K, committed 1920K, reserved 1048576K
Event: 142.017 GC heap after
Heap after GC invocations=43 (full 25):
 PSYoungGen      total 569856K, used 230400K [0x0000000781d00000, 0x00000007b9680000, 0x00000007c0000000)
  eden space 230400K, 100% used [0x0000000781d00000,0x000000078fe00000,0x000000078fe00000)
  from space 339456K, 0% used [0x00000007a4980000,0x00000007a4980000,0x00000007b9500000)
  to   space 339456K, 0% used [0x000000078fe00000,0x000000078fe00000,0x00000007a4980000)
 ParOldGen       total 2038784K, used 2038566K [0x0000000705600000, 0x0000000781d00000, 0x0000000781d00000)
  object space 2038784K, 99% used [0x0000000705600000,0x0000000781cc9970,0x0000000781d00000)
 Metaspace       used 12331K, capacity 12692K, committed 12928K, reserved 1060864K
  class space    used 1670K, capacity 1802K, committed 1920K, reserved 1048576K
}
Event: 142.017 GC heap before
{Heap before GC invocations=44 (full 26):
 PSYoungGen      total 569856K, used 230400K [0x0000000781d00000, 0x00000007b9680000, 0x00000007c0000000)
  eden space 230400K, 100% used [0x0000000781d00000,0x000000078fe00000,0x000000078fe00000)
  from space 339456K, 0% used [0x00000007a4980000,0x00000007a4980000,0x00000007b9500000)
  to   space 339456K, 0% used [0x000000078fe00000,0x000000078fe00000,0x00000007a4980000)
 ParOldGen       total 2038784K, used 2038569K [0x0000000705600000, 0x0000000781d00000, 0x0000000781d00000)
  object space 2038784K, 99% used [0x0000000705600000,0x0000000781cca650,0x0000000781d00000)
 Metaspace       used 12331K, capacity 12692K, committed 12928K, reserved 1060864K
  class space    used 1670K, capacity 1802K, committed 1920K, reserved 1048576K

