# JRE version: OpenJDK Runtime Environment (8.0_121-b13) (build 1.8.0_121-8u121-b13-0ubuntu1.16.04.2-b13)
# Java VM: OpenJDK 64-Bit Server VM (25.121-b13 mixed mode linux-amd64 compressed oops)
Heap:
 PSYoungGen      total 425472K, used 86015K [0x0000000781d00000, 0x00000007b1080000, 0x00000007c0000000)
  eden space 86016K, 99% used [0x0000000781d00000,0x00000007870ffff8,0x0000000787100000)
  from space 339456K, 0% used [0x0000000787100000,0x0000000787100000,0x000000079bc80000)
  to   space 338944K, 0% used [0x000000079c580000,0x000000079c580000,0x00000007b1080000)
 ParOldGen       total 2038784K, used 2038697K [0x0000000705600000, 0x0000000781d00000, 0x0000000781d00000)
  object space 2038784K, 99% used [0x0000000705600000,0x0000000781cea770,0x0000000781d00000)
 Metaspace       used 9057K, capacity 9252K, committed 9344K, reserved 1056768K
  class space    used 1317K, capacity 1356K, committed 1408K, reserved 1048576K
GC Heap History (10 events):
Event: 1758.795 GC heap after
Heap after GC invocations=218 (full 179):
 PSYoungGen      total 425472K, used 86015K [0x0000000781d00000, 0x00000007b1080000, 0x00000007c0000000)
  eden space 86016K, 99% used [0x0000000781d00000,0x00000007870ffff8,0x0000000787100000)
  from space 339456K, 0% used [0x0000000787100000,0x0000000787100000,0x000000079bc80000)
  to   space 338944K, 0% used [0x000000079c580000,0x000000079c580000,0x00000007b1080000)
 ParOldGen       total 2038784K, used 2038684K [0x0000000705600000, 0x0000000781d00000, 0x0000000781d00000)
  object space 2038784K, 99% used [0x0000000705600000,0x0000000781ce7288,0x0000000781d00000)
 Metaspace       used 9057K, capacity 9252K, committed 9344K, reserved 1056768K
  class space    used 1317K, capacity 1356K, committed 1408K, reserved 1048576K
}
Event: 1758.796 GC heap before
{Heap before GC invocations=219 (full 180):
 PSYoungGen      total 425472K, used 86015K [0x0000000781d00000, 0x00000007b1080000, 0x00000007c0000000)
  eden space 86016K, 99% used [0x0000000781d00000,0x00000007870ffff8,0x0000000787100000)
  from space 339456K, 0% used [0x0000000787100000,0x0000000787100000,0x000000079bc80000)
  to   space 338944K, 0% used [0x000000079c580000,0x000000079c580000,0x00000007b1080000)
 ParOldGen       total 2038784K, used 2038687K [0x0000000705600000, 0x0000000781d00000, 0x0000000781d00000)
  object space 2038784K, 99% used [0x0000000705600000,0x0000000781ce7e20,0x0000000781d00000)
 Metaspace       used 9057K, capacity 9252K, committed 9344K, reserved 1056768K
  class space    used 1317K, capacity 1356K, committed 1408K, reserved 1048576K
Event: 1770.390 GC heap after
Heap after GC invocations=219 (full 180):
 PSYoungGen      total 425472K, used 86015K [0x0000000781d00000, 0x00000007b1080000, 0x00000007c0000000)
  eden space 86016K, 99% used [0x0000000781d00000,0x00000007870ffff8,0x0000000787100000)
  from space 339456K, 0% used [0x0000000787100000,0x0000000787100000,0x000000079bc80000)
  to   space 338944K, 0% used [0x000000079c580000,0x000000079c580000,0x00000007b1080000)
 ParOldGen       total 2038784K, used 2038686K [0x0000000705600000, 0x0000000781d00000, 0x0000000781d00000)
  object space 2038784K, 99% used [0x0000000705600000,0x0000000781ce7b68,0x0000000781d00000)
 Metaspace       used 9057K, capacity 9252K, committed 9344K, reserved 1056768K
  class space    used 1317K, capacity 1356K, committed 1408K, reserved 1048576K
}
Event: 1770.390 GC heap before
{Heap before GC invocations=220 (full 181):
 PSYoungGen      total 425472K, used 86015K [0x0000000781d00000, 0x00000007b1080000, 0x00000007c0000000)
  eden space 86016K, 99% used [0x0000000781d00000,0x00000007870ffff8,0x0000000787100000)
  from space 339456K, 0% used [0x0000000787100000,0x0000000787100000,0x000000079bc80000)
  to   space 338944K, 0% used [0x000000079c580000,0x000000079c580000,0x00000007b1080000)
 ParOldGen       total 2038784K, used 2038690K [0x0000000705600000, 0x0000000781d00000, 0x0000000781d00000)
  object space 2038784K, 99% used [0x0000000705600000,0x0000000781ce8838,0x0000000781d00000)
 Metaspace       used 9057K, capacity 9252K, committed 9344K, reserved 1056768K
  class space    used 1317K, capacity 1356K, committed 1408K, reserved 1048576K
Event: 1774.706 GC heap after
Heap after GC invocations=220 (full 181):
 PSYoungGen      total 425472K, used 86015K [0x0000000781d00000, 0x00000007b1080000, 0x00000007c0000000)
  eden space 86016K, 99% used [0x0000000781d00000,0x00000007870ffff8,0x0000000787100000)
  from space 339456K, 0% used [0x0000000787100000,0x0000000787100000,0x000000079bc80000)
  to   space 338944K, 0% used [0x000000079c580000,0x000000079c580000,0x00000007b1080000)
 ParOldGen       total 2038784K, used 2038689K [0x0000000705600000, 0x0000000781d00000, 0x0000000781d00000)
  object space 2038784K, 99% used [0x0000000705600000,0x0000000781ce86b8,0x0000000781d00000)
 Metaspace       used 9057K, capacity 9252K, committed 9344K, reserved 1056768K
  class space    used 1317K, capacity 1356K, committed 1408K, reserved 1048576K
}
Event: 1774.706 GC heap before
{Heap before GC invocations=221 (full 182):
 PSYoungGen      total 425472K, used 86015K [0x0000000781d00000, 0x00000007b1080000, 0x00000007c0000000)
  eden space 86016K, 99% used [0x0000000781d00000,0x00000007870ffff8,0x0000000787100000)
  from space 339456K, 0% used [0x0000000787100000,0x0000000787100000,0x000000079bc80000)
  to   space 338944K, 0% used [0x000000079c580000,0x000000079c580000,0x00000007b1080000)
 ParOldGen       total 2038784K, used 2038693K [0x0000000705600000, 0x0000000781d00000, 0x0000000781d00000)
  object space 2038784K, 99% used [0x0000000705600000,0x0000000781ce9408,0x0000000781d00000)
 Metaspace       used 9057K, capacity 9252K, committed 9344K, reserved 1056768K
  class space    used 1317K, capacity 1356K, committed 1408K, reserved 1048576K
Event: 1778.781 GC heap after
Heap after GC invocations=221 (full 182):
 PSYoungGen      total 425472K, used 86015K [0x0000000781d00000, 0x00000007b1080000, 0x00000007c0000000)
  eden space 86016K, 99% used [0x0000000781d00000,0x00000007870ffff8,0x0000000787100000)
  from space 339456K, 0% used [0x0000000787100000,0x0000000787100000,0x000000079bc80000)
  to   space 338944K, 0% used [0x000000079c580000,0x000000079c580000,0x00000007b1080000)
 ParOldGen       total 2038784K, used 2038692K [0x0000000705600000, 0x0000000781d00000, 0x0000000781d00000)
  object space 2038784K, 99% used [0x0000000705600000,0x0000000781ce9268,0x0000000781d00000)
 Metaspace       used 9057K, capacity 9252K, committed 9344K, reserved 1056768K
  class space    used 1317K, capacity 1356K, committed 1408K, reserved 1048576K
}
Event: 1778.782 GC heap before
{Heap before GC invocations=222 (full 183):
 PSYoungGen      total 425472K, used 86015K [0x0000000781d00000, 0x00000007b1080000, 0x00000007c0000000)
  eden space 86016K, 99% used [0x0000000781d00000,0x00000007870ffff8,0x0000000787100000)
  from space 339456K, 0% used [0x0000000787100000,0x0000000787100000,0x000000079bc80000)
  to   space 338944K, 0% used [0x000000079c580000,0x000000079c580000,0x00000007b1080000)
 ParOldGen       total 2038784K, used 2038695K [0x0000000705600000, 0x0000000781d00000, 0x0000000781d00000)
  object space 2038784K, 99% used [0x0000000705600000,0x0000000781ce9de8,0x0000000781d00000)
 Metaspace       used 9057K, capacity 9252K, committed 9344K, reserved 1056768K
  class space    used 1317K, capacity 1356K, committed 1408K, reserved 1048576K
Event: 1783.162 GC heap after
Heap after GC invocations=222 (full 183):
 PSYoungGen      total 425472K, used 86015K [0x0000000781d00000, 0x00000007b1080000, 0x00000007c0000000)
  eden space 86016K, 99% used [0x0000000781d00000,0x00000007870ffff8,0x0000000787100000)
  from space 339456K, 0% used [0x0000000787100000,0x0000000787100000,0x000000079bc80000)
  to   space 338944K, 0% used [0x000000079c580000,0x000000079c580000,0x00000007b1080000)
 ParOldGen       total 2038784K, used 2038694K [0x0000000705600000, 0x0000000781d00000, 0x0000000781d00000)
  object space 2038784K, 99% used [0x0000000705600000,0x0000000781ce9bc8,0x0000000781d00000)
 Metaspace       used 9057K, capacity 9252K, committed 9344K, reserved 1056768K
  class space    used 1317K, capacity 1356K, committed 1408K, reserved 1048576K
}
Event: 1783.163 GC heap before
{Heap before GC invocations=223 (full 184):
 PSYoungGen      total 425472K, used 86015K [0x0000000781d00000, 0x00000007b1080000, 0x00000007c0000000)
  eden space 86016K, 99% used [0x0000000781d00000,0x00000007870ffff8,0x0000000787100000)
  from space 339456K, 0% used [0x0000000787100000,0x0000000787100000,0x000000079bc80000)
  to   space 338944K, 0% used [0x000000079c580000,0x000000079c580000,0x00000007b1080000)
 ParOldGen       total 2038784K, used 2038697K [0x0000000705600000, 0x0000000781d00000, 0x0000000781d00000)
  object space 2038784K, 99% used [0x0000000705600000,0x0000000781cea770,0x0000000781d00000)
 Metaspace       used 9057K, capacity 9252K, committed 9344K, reserved 1056768K
  class space    used 1317K, capacity 1356K, committed 1408K, reserved 1048576K

