# JRE version: OpenJDK Runtime Environment (8.0_121-b13) (build 1.8.0_121-8u121-b13-0ubuntu1.16.04.2-b13)
# Java VM: OpenJDK 64-Bit Server VM (25.121-b13 mixed mode linux-amd64 compressed oops)
Heap:
 PSYoungGen      total 505856K, used 151616K [0x0000000781d00000, 0x00000007b7d00000, 0x00000007c0000000)
  eden space 166400K, 0% used [0x0000000781d00000,0x0000000781d00000,0x000000078bf80000)
  from space 339456K, 44% used [0x000000078bf80000,0x0000000795390000,0x00000007a0b00000)
  to   space 339456K, 0% used [0x00000007a3180000,0x00000007a3180000,0x00000007b7d00000)
 ParOldGen       total 1260032K, used 1259877K [0x0000000705600000, 0x0000000752480000, 0x0000000781d00000)
  object space 1260032K, 99% used [0x0000000705600000,0x0000000752459768,0x0000000752480000)
 Metaspace       used 13675K, capacity 14048K, committed 14336K, reserved 1060864K
  class space    used 1812K, capacity 1932K, committed 2048K, reserved 1048576K
GC Heap History (10 events):
Event: 70.316 GC heap after
Heap after GC invocations=16 (full 4):
 PSYoungGen      total 475136K, used 330720K [0x0000000781d00000, 0x00000007b3c00000, 0x00000007c0000000)
  eden space 135680K, 0% used [0x0000000781d00000,0x0000000781d00000,0x000000078a180000)
  from space 339456K, 97% used [0x000000079ed00000,0x00000007b2ff8000,0x00000007b3880000)
  to   space 339456K, 0% used [0x000000078a180000,0x000000078a180000,0x000000079ed00000)
 ParOldGen       total 906752K, used 681303K [0x0000000705600000, 0x000000073cb80000, 0x0000000781d00000)
  object space 906752K, 75% used [0x0000000705600000,0x000000072ef55d90,0x000000073cb80000)
 Metaspace       used 13675K, capacity 14048K, committed 14336K, reserved 1060864K
  class space    used 1812K, capacity 1932K, committed 2048K, reserved 1048576K
}
Event: 70.576 GC heap before
{Heap before GC invocations=17 (full 4):
 PSYoungGen      total 475136K, used 466400K [0x0000000781d00000, 0x00000007b3c00000, 0x00000007c0000000)
  eden space 135680K, 100% used [0x0000000781d00000,0x000000078a180000,0x000000078a180000)
  from space 339456K, 97% used [0x000000079ed00000,0x00000007b2ff8000,0x00000007b3880000)
  to   space 339456K, 0% used [0x000000078a180000,0x000000078a180000,0x000000079ed00000)
 ParOldGen       total 906752K, used 681303K [0x0000000705600000, 0x000000073cb80000, 0x0000000781d00000)
  object space 906752K, 75% used [0x0000000705600000,0x000000072ef55d90,0x000000073cb80000)
 Metaspace       used 13675K, capacity 14048K, committed 14336K, reserved 1060864K
  class space    used 1812K, capacity 1932K, committed 2048K, reserved 1048576K
Event: 70.828 GC heap after
Heap after GC invocations=17 (full 4):
 PSYoungGen      total 475136K, used 328800K [0x0000000781d00000, 0x00000007b5a80000, 0x00000007c0000000)
  eden space 135680K, 0% used [0x0000000781d00000,0x0000000781d00000,0x000000078a180000)
  from space 339456K, 96% used [0x000000078a180000,0x000000079e298000,0x000000079ed00000)
  to   space 339456K, 0% used [0x00000007a0f00000,0x00000007a0f00000,0x00000007b5a80000)
 ParOldGen       total 906752K, used 807031K [0x0000000705600000, 0x000000073cb80000, 0x0000000781d00000)
  object space 906752K, 89% used [0x0000000705600000,0x0000000736a1dd90,0x000000073cb80000)
 Metaspace       used 13675K, capacity 14048K, committed 14336K, reserved 1060864K
  class space    used 1812K, capacity 1932K, committed 2048K, reserved 1048576K
}
Event: 70.828 GC heap before
{Heap before GC invocations=18 (full 5):
 PSYoungGen      total 475136K, used 328800K [0x0000000781d00000, 0x00000007b5a80000, 0x00000007c0000000)
  eden space 135680K, 0% used [0x0000000781d00000,0x0000000781d00000,0x000000078a180000)
  from space 339456K, 96% used [0x000000078a180000,0x000000079e298000,0x000000079ed00000)
  to   space 339456K, 0% used [0x00000007a0f00000,0x00000007a0f00000,0x00000007b5a80000)
 ParOldGen       total 906752K, used 807031K [0x0000000705600000, 0x000000073cb80000, 0x0000000781d00000)
  object space 906752K, 89% used [0x0000000705600000,0x0000000736a1dd90,0x000000073cb80000)
 Metaspace       used 13675K, capacity 14048K, committed 14336K, reserved 1060864K
  class space    used 1812K, capacity 1932K, committed 2048K, reserved 1048576K
Event: 72.729 GC heap after
Heap after GC invocations=18 (full 5):
 PSYoungGen      total 475136K, used 227993K [0x0000000781d00000, 0x00000007b5a80000, 0x00000007c0000000)
  eden space 135680K, 0% used [0x0000000781d00000,0x0000000781d00000,0x000000078a180000)
  from space 339456K, 67% used [0x000000078a180000,0x00000007980264b8,0x000000079ed00000)
  to   space 339456K, 0% used [0x00000007a0f00000,0x00000007a0f00000,0x00000007b5a80000)
 ParOldGen       total 1260032K, used 906397K [0x0000000705600000, 0x0000000752480000, 0x0000000781d00000)
  object space 1260032K, 71% used [0x0000000705600000,0x000000073cb27768,0x0000000752480000)
 Metaspace       used 13675K, capacity 14048K, committed 14336K, reserved 1060864K
  class space    used 1812K, capacity 1932K, committed 2048K, reserved 1048576K
}
Event: 72.992 GC heap before
{Heap before GC invocations=19 (full 5):
 PSYoungGen      total 475136K, used 363673K [0x0000000781d00000, 0x00000007b5a80000, 0x00000007c0000000)
  eden space 135680K, 100% used [0x0000000781d00000,0x000000078a180000,0x000000078a180000)
  from space 339456K, 67% used [0x000000078a180000,0x00000007980264b8,0x000000079ed00000)
  to   space 339456K, 0% used [0x00000007a0f00000,0x00000007a0f00000,0x00000007b5a80000)
 ParOldGen       total 1260032K, used 906397K [0x0000000705600000, 0x0000000752480000, 0x0000000781d00000)
  object space 1260032K, 71% used [0x0000000705600000,0x000000073cb27768,0x0000000752480000)
 Metaspace       used 13675K, capacity 14048K, committed 14336K, reserved 1060864K
  class space    used 1812K, capacity 1932K, committed 2048K, reserved 1048576K
Event: 73.311 GC heap after
Heap after GC invocations=19 (full 5):
 PSYoungGen      total 501760K, used 176928K [0x0000000781d00000, 0x00000007b5680000, 0x00000007c0000000)
  eden space 166400K, 0% used [0x0000000781d00000,0x0000000781d00000,0x000000078bf80000)
  from space 335360K, 52% used [0x00000007a0f00000,0x00000007abbc8000,0x00000007b5680000)
  to   space 339456K, 0% used [0x000000078bf80000,0x000000078bf80000,0x00000007a0b00000)
 ParOldGen       total 1260032K, used 1082349K [0x0000000705600000, 0x0000000752480000, 0x0000000781d00000)
  object space 1260032K, 85% used [0x0000000705600000,0x00000007476fb768,0x0000000752480000)
 Metaspace       used 13675K, capacity 14048K, committed 14336K, reserved 1060864K
  class space    used 1812K, capacity 1932K, committed 2048K, reserved 1048576K
}
Event: 73.630 GC heap before
{Heap before GC invocations=20 (full 5):
 PSYoungGen      total 501760K, used 343328K [0x0000000781d00000, 0x00000007b5680000, 0x00000007c0000000)
  eden space 166400K, 100% used [0x0000000781d00000,0x000000078bf80000,0x000000078bf80000)
  from space 335360K, 52% used [0x00000007a0f00000,0x00000007abbc8000,0x00000007b5680000)
  to   space 339456K, 0% used [0x000000078bf80000,0x000000078bf80000,0x00000007a0b00000)
 ParOldGen       total 1260032K, used 1082349K [0x0000000705600000, 0x0000000752480000, 0x0000000781d00000)
  object space 1260032K, 85% used [0x0000000705600000,0x00000007476fb768,0x0000000752480000)
 Metaspace       used 13675K, capacity 14048K, committed 14336K, reserved 1060864K
  class space    used 1812K, capacity 1932K, committed 2048K, reserved 1048576K
Event: 73.847 GC heap after
Heap after GC invocations=20 (full 5):
 PSYoungGen      total 505856K, used 151616K [0x0000000781d00000, 0x00000007b7d00000, 0x00000007c0000000)
  eden space 166400K, 0% used [0x0000000781d00000,0x0000000781d00000,0x000000078bf80000)
  from space 339456K, 44% used [0x000000078bf80000,0x0000000795390000,0x00000007a0b00000)
  to   space 339456K, 0% used [0x00000007a3180000,0x00000007a3180000,0x00000007b7d00000)
 ParOldGen       total 1260032K, used 1259877K [0x0000000705600000, 0x0000000752480000, 0x0000000781d00000)
  object space 1260032K, 99% used [0x0000000705600000,0x0000000752459768,0x0000000752480000)
 Metaspace       used 13675K, capacity 14048K, committed 14336K, reserved 1060864K
  class space    used 1812K, capacity 1932K, committed 2048K, reserved 1048576K
}
Event: 73.847 GC heap before
{Heap before GC invocations=21 (full 6):
 PSYoungGen      total 505856K, used 151616K [0x0000000781d00000, 0x00000007b7d00000, 0x00000007c0000000)
  eden space 166400K, 0% used [0x0000000781d00000,0x0000000781d00000,0x000000078bf80000)
  from space 339456K, 44% used [0x000000078bf80000,0x0000000795390000,0x00000007a0b00000)
  to   space 339456K, 0% used [0x00000007a3180000,0x00000007a3180000,0x00000007b7d00000)
 ParOldGen       total 1260032K, used 1259877K [0x0000000705600000, 0x0000000752480000, 0x0000000781d00000)
  object space 1260032K, 99% used [0x0000000705600000,0x0000000752459768,0x0000000752480000)
 Metaspace       used 13675K, capacity 14048K, committed 14336K, reserved 1060864K
  class space    used 1812K, capacity 1932K, committed 2048K, reserved 1048576K

