# JRE version: OpenJDK Runtime Environment (8.0_121-b13) (build 1.8.0_121-8u121-b13-0ubuntu1.16.04.2-b13)
# Java VM: OpenJDK 64-Bit Server VM (25.121-b13 mixed mode linux-amd64 compressed oops)
Heap:
 PSYoungGen      total 408064K, used 243200K [0x0000000781d00000, 0x00000007af980000, 0x00000007c0000000)
  eden space 68608K, 0% used [0x0000000781d00000,0x0000000781d00000,0x0000000786000000)
  from space 339456K, 71% used [0x000000079ab80000,0x00000007a9900000,0x00000007af700000)
  to   space 339456K, 0% used [0x0000000786000000,0x0000000786000000,0x000000079ab80000)
 ParOldGen       total 640000K, used 539696K [0x0000000705600000, 0x000000072c700000, 0x0000000781d00000)
  object space 640000K, 84% used [0x0000000705600000,0x000000072650c238,0x000000072c700000)
 Metaspace       used 12358K, capacity 12820K, committed 13184K, reserved 1060864K
  class space    used 1676K, capacity 1802K, committed 1920K, reserved 1048576K
GC Heap History (10 events):
Event: 87.345 GC heap after
Heap after GC invocations=11 (full 3):
 PSYoungGen      total 270336K, used 121092K [0x0000000781d00000, 0x00000007a9800000, 0x00000007c0000000)
  eden space 94208K, 0% used [0x0000000781d00000,0x0000000781d00000,0x0000000787900000)
  from space 176128K, 68% used [0x0000000795e80000,0x000000079d4c12f0,0x00000007a0a80000)
  to   space 235008K, 0% used [0x0000000787900000,0x0000000787900000,0x0000000795e80000)
 ParOldGen       total 640000K, used 394336K [0x0000000705600000, 0x000000072c700000, 0x0000000781d00000)
  object space 640000K, 61% used [0x0000000705600000,0x000000071d718238,0x000000072c700000)
 Metaspace       used 12358K, capacity 12820K, committed 13184K, reserved 1060864K
  class space    used 1676K, capacity 1802K, committed 1920K, reserved 1048576K
}
Event: 87.776 GC heap before
{Heap before GC invocations=12 (full 3):
 PSYoungGen      total 270336K, used 215300K [0x0000000781d00000, 0x00000007a9800000, 0x00000007c0000000)
  eden space 94208K, 100% used [0x0000000781d00000,0x0000000787900000,0x0000000787900000)
  from space 176128K, 68% used [0x0000000795e80000,0x000000079d4c12f0,0x00000007a0a80000)
  to   space 235008K, 0% used [0x0000000787900000,0x0000000787900000,0x0000000795e80000)
 ParOldGen       total 640000K, used 394336K [0x0000000705600000, 0x000000072c700000, 0x0000000781d00000)
  object space 640000K, 61% used [0x0000000705600000,0x000000071d718238,0x000000072c700000)
 Metaspace       used 12358K, capacity 12820K, committed 13184K, reserved 1060864K
  class space    used 1676K, capacity 1802K, committed 1920K, reserved 1048576K
Event: 88.064 GC heap after
Heap after GC invocations=12 (full 3):
 PSYoungGen      total 329216K, used 205184K [0x0000000781d00000, 0x00000007a8c80000, 0x00000007c0000000)
  eden space 94208K, 0% used [0x0000000781d00000,0x0000000781d00000,0x0000000787900000)
  from space 235008K, 87% used [0x0000000787900000,0x0000000794160000,0x0000000795e80000)
  to   space 265216K, 0% used [0x0000000798980000,0x0000000798980000,0x00000007a8c80000)
 ParOldGen       total 640000K, used 394336K [0x0000000705600000, 0x000000072c700000, 0x0000000781d00000)
  object space 640000K, 61% used [0x0000000705600000,0x000000071d718238,0x000000072c700000)
 Metaspace       used 12358K, capacity 12820K, committed 13184K, reserved 1060864K
  class space    used 1676K, capacity 1802K, committed 1920K, reserved 1048576K
}
Event: 88.670 GC heap before
{Heap before GC invocations=13 (full 3):
 PSYoungGen      total 329216K, used 299392K [0x0000000781d00000, 0x00000007a8c80000, 0x00000007c0000000)
  eden space 94208K, 100% used [0x0000000781d00000,0x0000000787900000,0x0000000787900000)
  from space 235008K, 87% used [0x0000000787900000,0x0000000794160000,0x0000000795e80000)
  to   space 265216K, 0% used [0x0000000798980000,0x0000000798980000,0x00000007a8c80000)
 ParOldGen       total 640000K, used 394336K [0x0000000705600000, 0x000000072c700000, 0x0000000781d00000)
  object space 640000K, 61% used [0x0000000705600000,0x000000071d718238,0x000000072c700000)
 Metaspace       used 12358K, capacity 12820K, committed 13184K, reserved 1060864K
  class space    used 1676K, capacity 1802K, committed 1920K, reserved 1048576K
Event: 88.932 GC heap after
Heap after GC invocations=13 (full 3):
 PSYoungGen      total 321024K, used 265216K [0x0000000781d00000, 0x00000007af580000, 0x00000007c0000000)
  eden space 55808K, 0% used [0x0000000781d00000,0x0000000781d00000,0x0000000785380000)
  from space 265216K, 100% used [0x0000000798980000,0x00000007a8c80000,0x00000007a8c80000)
  to   space 317440K, 0% used [0x0000000785380000,0x0000000785380000,0x0000000798980000)
 ParOldGen       total 640000K, used 418104K [0x0000000705600000, 0x000000072c700000, 0x0000000781d00000)
  object space 640000K, 65% used [0x0000000705600000,0x000000071ee4e238,0x000000072c700000)
 Metaspace       used 12358K, capacity 12820K, committed 13184K, reserved 1060864K
  class space    used 1676K, capacity 1802K, committed 1920K, reserved 1048576K
}
Event: 89.241 GC heap before
{Heap before GC invocations=14 (full 3):
 PSYoungGen      total 321024K, used 321024K [0x0000000781d00000, 0x00000007af580000, 0x00000007c0000000)
  eden space 55808K, 100% used [0x0000000781d00000,0x0000000785380000,0x0000000785380000)
  from space 265216K, 100% used [0x0000000798980000,0x00000007a8c80000,0x00000007a8c80000)
  to   space 317440K, 0% used [0x0000000785380000,0x0000000785380000,0x0000000798980000)
 ParOldGen       total 640000K, used 418104K [0x0000000705600000, 0x000000072c700000, 0x0000000781d00000)
  object space 640000K, 65% used [0x0000000705600000,0x000000071ee4e238,0x000000072c700000)
 Metaspace       used 12358K, capacity 12820K, committed 13184K, reserved 1060864K
  class space    used 1676K, capacity 1802K, committed 1920K, reserved 1048576K
Event: 89.564 GC heap after
Heap after GC invocations=14 (full 3):
 PSYoungGen      total 373248K, used 298080K [0x0000000781d00000, 0x00000007af700000, 0x00000007c0000000)
  eden space 55808K, 0% used [0x0000000781d00000,0x0000000781d00000,0x0000000785380000)
  from space 317440K, 93% used [0x0000000785380000,0x0000000797698000,0x0000000798980000)
  to   space 339456K, 0% used [0x000000079ab80000,0x000000079ab80000,0x00000007af700000)
 ParOldGen       total 640000K, used 434976K [0x0000000705600000, 0x000000072c700000, 0x0000000781d00000)
  object space 640000K, 67% used [0x0000000705600000,0x000000071fec8238,0x000000072c700000)
 Metaspace       used 12358K, capacity 12820K, committed 13184K, reserved 1060864K
  class space    used 1676K, capacity 1802K, committed 1920K, reserved 1048576K
}
Event: 89.790 GC heap before
{Heap before GC invocations=15 (full 3):
 PSYoungGen      total 373248K, used 353888K [0x0000000781d00000, 0x00000007af700000, 0x00000007c0000000)
  eden space 55808K, 100% used [0x0000000781d00000,0x0000000785380000,0x0000000785380000)
  from space 317440K, 93% used [0x0000000785380000,0x0000000797698000,0x0000000798980000)
  to   space 339456K, 0% used [0x000000079ab80000,0x000000079ab80000,0x00000007af700000)
 ParOldGen       total 640000K, used 434976K [0x0000000705600000, 0x000000072c700000, 0x0000000781d00000)
  object space 640000K, 67% used [0x0000000705600000,0x000000071fec8238,0x000000072c700000)
 Metaspace       used 12358K, capacity 12820K, committed 13184K, reserved 1060864K
  class space    used 1676K, capacity 1802K, committed 1920K, reserved 1048576K
Event: 90.172 GC heap after
Heap after GC invocations=15 (full 3):
 PSYoungGen      total 408064K, used 243200K [0x0000000781d00000, 0x00000007af980000, 0x00000007c0000000)
  eden space 68608K, 0% used [0x0000000781d00000,0x0000000781d00000,0x0000000786000000)
  from space 339456K, 71% used [0x000000079ab80000,0x00000007a9900000,0x00000007af700000)
  to   space 339456K, 0% used [0x0000000786000000,0x0000000786000000,0x000000079ab80000)
 ParOldGen       total 640000K, used 539696K [0x0000000705600000, 0x000000072c700000, 0x0000000781d00000)
  object space 640000K, 84% used [0x0000000705600000,0x000000072650c238,0x000000072c700000)
 Metaspace       used 12358K, capacity 12820K, committed 13184K, reserved 1060864K
  class space    used 1676K, capacity 1802K, committed 1920K, reserved 1048576K
}
Event: 90.172 GC heap before
{Heap before GC invocations=16 (full 4):
 PSYoungGen      total 408064K, used 243200K [0x0000000781d00000, 0x00000007af980000, 0x00000007c0000000)
  eden space 68608K, 0% used [0x0000000781d00000,0x0000000781d00000,0x0000000786000000)
  from space 339456K, 71% used [0x000000079ab80000,0x00000007a9900000,0x00000007af700000)
  to   space 339456K, 0% used [0x0000000786000000,0x0000000786000000,0x000000079ab80000)
 ParOldGen       total 640000K, used 539696K [0x0000000705600000, 0x000000072c700000, 0x0000000781d00000)
  object space 640000K, 84% used [0x0000000705600000,0x000000072650c238,0x000000072c700000)
 Metaspace       used 12358K, capacity 12820K, committed 13184K, reserved 1060864K
  class space    used 1676K, capacity 1802K, committed 1920K, reserved 1048576K

