# JRE version: OpenJDK Runtime Environment (8.0_121-b13) (build 1.8.0_121-8u121-b13-0ubuntu1.16.04.2-b13)
# Java VM: OpenJDK 64-Bit Server VM (25.121-b13 mixed mode linux-amd64 compressed oops)
Heap:
 PSYoungGen      total 536064K, used 196608K [0x0000000781d00000, 0x00000007b7780000, 0x00000007c0000000)
  eden space 196608K, 100% used [0x0000000781d00000,0x000000078dd00000,0x000000078dd00000)
  from space 339456K, 0% used [0x000000078dd00000,0x000000078dd00000,0x00000007a2880000)
  to   space 331264K, 0% used [0x00000007a3400000,0x00000007a3400000,0x00000007b7780000)
 ParOldGen       total 2038784K, used 2038399K [0x0000000705600000, 0x0000000781d00000, 0x0000000781d00000)
  object space 2038784K, 99% used [0x0000000705600000,0x0000000781c9fd00,0x0000000781d00000)
 Metaspace       used 12403K, capacity 12820K, committed 13184K, reserved 1060864K
  class space    used 1678K, capacity 1802K, committed 1920K, reserved 1048576K
GC Heap History (10 events):
Event: 188.558 GC heap after
Heap after GC invocations=42 (full 23):
 PSYoungGen      total 536064K, used 196607K [0x0000000781d00000, 0x00000007b7780000, 0x00000007c0000000)
  eden space 196608K, 99% used [0x0000000781d00000,0x000000078dcffff8,0x000000078dd00000)
  from space 339456K, 0% used [0x000000078dd00000,0x000000078dd00000,0x00000007a2880000)
  to   space 331264K, 0% used [0x00000007a3400000,0x00000007a3400000,0x00000007b7780000)
 ParOldGen       total 2038784K, used 2038359K [0x0000000705600000, 0x0000000781d00000, 0x0000000781d00000)
  object space 2038784K, 99% used [0x0000000705600000,0x0000000781c95f18,0x0000000781d00000)
 Metaspace       used 12402K, capacity 12820K, committed 13184K, reserved 1060864K
  class space    used 1677K, capacity 1802K, committed 1920K, reserved 1048576K
}
Event: 188.559 GC heap before
{Heap before GC invocations=43 (full 24):
 PSYoungGen      total 536064K, used 196607K [0x0000000781d00000, 0x00000007b7780000, 0x00000007c0000000)
  eden space 196608K, 99% used [0x0000000781d00000,0x000000078dcffff8,0x000000078dd00000)
  from space 339456K, 0% used [0x000000078dd00000,0x000000078dd00000,0x00000007a2880000)
  to   space 331264K, 0% used [0x00000007a3400000,0x00000007a3400000,0x00000007b7780000)
 ParOldGen       total 2038784K, used 2038363K [0x0000000705600000, 0x0000000781d00000, 0x0000000781d00000)
  object space 2038784K, 99% used [0x0000000705600000,0x0000000781c96ff0,0x0000000781d00000)
 Metaspace       used 12403K, capacity 12820K, committed 13184K, reserved 1060864K
  class space    used 1678K, capacity 1802K, committed 1920K, reserved 1048576K
Event: 192.777 GC heap after
Heap after GC invocations=43 (full 24):
 PSYoungGen      total 536064K, used 196607K [0x0000000781d00000, 0x00000007b7780000, 0x00000007c0000000)
  eden space 196608K, 99% used [0x0000000781d00000,0x000000078dcffff8,0x000000078dd00000)
  from space 339456K, 0% used [0x000000078dd00000,0x000000078dd00000,0x00000007a2880000)
  to   space 331264K, 0% used [0x00000007a3400000,0x00000007a3400000,0x00000007b7780000)
 ParOldGen       total 2038784K, used 2038361K [0x0000000705600000, 0x0000000781d00000, 0x0000000781d00000)
  object space 2038784K, 99% used [0x0000000705600000,0x0000000781c96560,0x0000000781d00000)
 Metaspace       used 12403K, capacity 12820K, committed 13184K, reserved 1060864K
  class space    used 1678K, capacity 1802K, committed 1920K, reserved 1048576K
}
Event: 192.777 GC heap before
{Heap before GC invocations=44 (full 25):
 PSYoungGen      total 536064K, used 196607K [0x0000000781d00000, 0x00000007b7780000, 0x00000007c0000000)
  eden space 196608K, 99% used [0x0000000781d00000,0x000000078dcffff8,0x000000078dd00000)
  from space 339456K, 0% used [0x000000078dd00000,0x000000078dd00000,0x00000007a2880000)
  to   space 331264K, 0% used [0x00000007a3400000,0x00000007a3400000,0x00000007b7780000)
 ParOldGen       total 2038784K, used 2038396K [0x0000000705600000, 0x0000000781d00000, 0x0000000781d00000)
  object space 2038784K, 99% used [0x0000000705600000,0x0000000781c9f3d0,0x0000000781d00000)
 Metaspace       used 12403K, capacity 12820K, committed 13184K, reserved 1060864K
  class space    used 1678K, capacity 1802K, committed 1920K, reserved 1048576K
Event: 197.846 GC heap after
Heap after GC invocations=44 (full 25):
 PSYoungGen      total 536064K, used 196607K [0x0000000781d00000, 0x00000007b7780000, 0x00000007c0000000)
  eden space 196608K, 99% used [0x0000000781d00000,0x000000078dcfff70,0x000000078dd00000)
  from space 339456K, 0% used [0x000000078dd00000,0x000000078dd00000,0x00000007a2880000)
  to   space 331264K, 0% used [0x00000007a3400000,0x00000007a3400000,0x00000007b7780000)
 ParOldGen       total 2038784K, used 2038396K [0x0000000705600000, 0x0000000781d00000, 0x0000000781d00000)
  object space 2038784K, 99% used [0x0000000705600000,0x0000000781c9f010,0x0000000781d00000)
 Metaspace       used 12403K, capacity 12820K, committed 13184K, reserved 1060864K
  class space    used 1678K, capacity 1802K, committed 1920K, reserved 1048576K
}
Event: 197.846 GC heap before
{Heap before GC invocations=45 (full 26):
 PSYoungGen      total 536064K, used 196607K [0x0000000781d00000, 0x00000007b7780000, 0x00000007c0000000)
  eden space 196608K, 99% used [0x0000000781d00000,0x000000078dcfff90,0x000000078dd00000)
  from space 339456K, 0% used [0x000000078dd00000,0x000000078dd00000,0x00000007a2880000)
  to   space 331264K, 0% used [0x00000007a3400000,0x00000007a3400000,0x00000007b7780000)
 ParOldGen       total 2038784K, used 2038396K [0x0000000705600000, 0x0000000781d00000, 0x0000000781d00000)
  object space 2038784K, 99% used [0x0000000705600000,0x0000000781c9f010,0x0000000781d00000)
 Metaspace       used 12403K, capacity 12820K, committed 13184K, reserved 1060864K
  class space    used 1678K, capacity 1802K, committed 1920K, reserved 1048576K
Event: 202.311 GC heap after
Heap after GC invocations=45 (full 26):
 PSYoungGen      total 536064K, used 196607K [0x0000000781d00000, 0x00000007b7780000, 0x00000007c0000000)
  eden space 196608K, 99% used [0x0000000781d00000,0x000000078dcfff70,0x000000078dd00000)
  from space 339456K, 0% used [0x000000078dd00000,0x000000078dd00000,0x00000007a2880000)
  to   space 331264K, 0% used [0x00000007a3400000,0x00000007a3400000,0x00000007b7780000)
 ParOldGen       total 2038784K, used 2038395K [0x0000000705600000, 0x0000000781d00000, 0x0000000781d00000)
  object space 2038784K, 99% used [0x0000000705600000,0x0000000781c9efd0,0x0000000781d00000)
 Metaspace       used 12403K, capacity 12820K, committed 13184K, reserved 1060864K
  class space    used 1678K, capacity 1802K, committed 1920K, reserved 1048576K
}
Event: 202.312 GC heap before
{Heap before GC invocations=46 (full 27):
 PSYoungGen      total 536064K, used 196608K [0x0000000781d00000, 0x00000007b7780000, 0x00000007c0000000)
  eden space 196608K, 100% used [0x0000000781d00000,0x000000078dd00000,0x000000078dd00000)
  from space 339456K, 0% used [0x000000078dd00000,0x000000078dd00000,0x00000007a2880000)
  to   space 331264K, 0% used [0x00000007a3400000,0x00000007a3400000,0x00000007b7780000)
 ParOldGen       total 2038784K, used 2038395K [0x0000000705600000, 0x0000000781d00000, 0x0000000781d00000)
  object space 2038784K, 99% used [0x0000000705600000,0x0000000781c9efd0,0x0000000781d00000)
 Metaspace       used 12403K, capacity 12820K, committed 13184K, reserved 1060864K
  class space    used 1678K, capacity 1802K, committed 1920K, reserved 1048576K
Event: 206.836 GC heap after
Heap after GC invocations=46 (full 27):
 PSYoungGen      total 536064K, used 196608K [0x0000000781d00000, 0x00000007b7780000, 0x00000007c0000000)
  eden space 196608K, 100% used [0x0000000781d00000,0x000000078dd00000,0x000000078dd00000)
  from space 339456K, 0% used [0x000000078dd00000,0x000000078dd00000,0x00000007a2880000)
  to   space 331264K, 0% used [0x00000007a3400000,0x00000007a3400000,0x00000007b7780000)
 ParOldGen       total 2038784K, used 2038395K [0x0000000705600000, 0x0000000781d00000, 0x0000000781d00000)
  object space 2038784K, 99% used [0x0000000705600000,0x0000000781c9efd0,0x0000000781d00000)
 Metaspace       used 12403K, capacity 12820K, committed 13184K, reserved 1060864K
  class space    used 1678K, capacity 1802K, committed 1920K, reserved 1048576K
}
Event: 206.836 GC heap before
{Heap before GC invocations=47 (full 28):
 PSYoungGen      total 536064K, used 196608K [0x0000000781d00000, 0x00000007b7780000, 0x00000007c0000000)
  eden space 196608K, 100% used [0x0000000781d00000,0x000000078dd00000,0x000000078dd00000)
  from space 339456K, 0% used [0x000000078dd00000,0x000000078dd00000,0x00000007a2880000)
  to   space 331264K, 0% used [0x00000007a3400000,0x00000007a3400000,0x00000007b7780000)
 ParOldGen       total 2038784K, used 2038399K [0x0000000705600000, 0x0000000781d00000, 0x0000000781d00000)
  object space 2038784K, 99% used [0x0000000705600000,0x0000000781c9fd00,0x0000000781d00000)
 Metaspace       used 12403K, capacity 12820K, committed 13184K, reserved 1060864K
  class space    used 1678K, capacity 1802K, committed 1920K, reserved 1048576K

